{
  "/Users/rodrigo.monteiro/Documents/Demos/AWS_Transform/Angular-to-React/my-angular-app/src/App.tsx": {
    "path": "/Users/rodrigo.monteiro/Documents/Demos/AWS_Transform/Angular-to-React/my-angular-app/src/App.tsx",
    "statementMap": {
      "0": {
        "start": {
          "line": 4,
          "column": 18
        },
        "end": {
          "line": 11,
          "column": null
        }
      },
      "1": {
        "start": {
          "line": 16,
          "column": 2
        },
        "end": {
          "line": 153,
          "column": null
        }
      },
      "2": {
        "start": {
          "line": 75,
          "column": 16
        },
        "end": {
          "line": 76,
          "column": null
        }
      }
    },
    "fnMap": {
      "0": {
        "name": "l1",
        "decl": {
          "start": {
            "line": 13,
            "column": 9
          },
          "end": {
            "line": 13,
            "column": 15
          }
        },
        "loc": {
          "start": {
            "line": 13,
            "column": 15
          },
          "end": {
            "line": 155,
            "column": null
          }
        }
      },
      "1": {
        "name": "(anonymous_931)",
        "decl": {
          "start": {
            "line": 74,
            "column": 30
          },
          "end": {
            "line": 74,
            "column": null
          }
        },
        "loc": {
          "start": {
            "line": 75,
            "column": 16
          },
          "end": {
            "line": 76,
            "column": null
          }
        }
      }
    },
    "branchMap": {},
    "s": {
      "0": 1,
      "1": 1,
      "2": 6
    },
    "f": {
      "0": 1,
      "1": 6
    },
    "b": {}
  },
  "/Users/rodrigo.monteiro/Documents/Demos/AWS_Transform/Angular-to-React/my-angular-app/src/main.tsx": {
    "path": "/Users/rodrigo.monteiro/Documents/Demos/AWS_Transform/Angular-to-React/my-angular-app/src/main.tsx",
    "statementMap": {
      "0": {
        "start": {
          "line": 7,
          "column": 15
        },
        "end": {
          "line": 12,
          "column": null
        }
      },
      "1": {
        "start": {
          "line": 14,
          "column": 0
        },
        "end": {
          "line": 18,
          "column": null
        }
      }
    },
    "fnMap": {},
    "branchMap": {},
    "s": {
      "0": 1,
      "1": 1
    },
    "f": {},
    "b": {}
  }
}