{
  "/Users/rodrigo.monteiro/Documents/Demos/AWS_Transform/Angular-to-React/my-angular-app/dist/my-angular-app/browser/src/main.ts": {
    "path": "/Users/rodrigo.monteiro/Documents/Demos/AWS_Transform/Angular-to-React/my-angular-app/dist/my-angular-app/browser/src/main.ts",
    "statementMap": {
      "0": {
        "start": {
          "line": 5,
          "column": 0
        },
        "end": {
          "line": 6,
          "column": null
        }
      },
      "1": {
        "start": {
          "line": 6,
          "column": 18
        },
        "end": {
          "line": 6,
          "column": 36
        }
      }
    },
    "fnMap": {
      "0": {
        "name": "(anonymous_4401)",
        "decl": {
          "start": {
            "line": 6,
            "column": 9
          },
          "end": {
            "line": 6,
            "column": 10
          }
        },
        "loc": {
          "start": {
            "line": 6,
            "column": 18
          },
          "end": {
            "line": 6,
            "column": 36
          }
        }
      }
    },
    "branchMap": {},
    "s": {
      "0": 4,
      "1": 0
    },
    "f": {
      "0": 0
    },
    "b": {}
  },
  "/Users/rodrigo.monteiro/Documents/Demos/AWS_Transform/Angular-to-React/my-angular-app/dist/my-angular-app/browser/src/app/app.config.ts": {
    "path": "/Users/rodrigo.monteiro/Documents/Demos/AWS_Transform/Angular-to-React/my-angular-app/dist/my-angular-app/browser/src/app/app.config.ts",
    "statementMap": {
      "0": {
        "start": {
          "line": 5,
          "column": 44
        },
        "end": {
          "line": 10,
          "column": null
        }
      }
    },
    "fnMap": {},
    "branchMap": {},
    "s": {
      "0": 4
    },
    "f": {},
    "b": {}
  },
  "/Users/rodrigo.monteiro/Documents/Demos/AWS_Transform/Angular-to-React/my-angular-app/dist/my-angular-app/browser/src/app/app.routes.ts": {
    "path": "/Users/rodrigo.monteiro/Documents/Demos/AWS_Transform/Angular-to-React/my-angular-app/dist/my-angular-app/browser/src/app/app.routes.ts",
    "statementMap": {
      "0": {
        "start": {
          "line": 3,
          "column": 30
        },
        "end": {
          "line": 3,
          "column": null
        }
      }
    },
    "fnMap": {},
    "branchMap": {},
    "s": {
      "0": 4
    },
    "f": {},
    "b": {}
  },
  "/Users/rodrigo.monteiro/Documents/Demos/AWS_Transform/Angular-to-React/my-angular-app/dist/my-angular-app/browser/src/app/app.ts": {
    "path": "/Users/rodrigo.monteiro/Documents/Demos/AWS_Transform/Angular-to-React/my-angular-app/dist/my-angular-app/browser/src/app/app.ts",
    "statementMap": {
      "0": {
        "start": {
          "line": 17,
          "column": 37
        },
        "end": {
          "line": 17,
          "column": null
        }
      },
      "1": {
        "start": {
          "line": 20,
          "column": 4
        },
        "end": {
          "line": 20,
          "column": null
        }
      },
      "2": {
        "start": {
          "line": 24,
          "column": 14
        },
        "end": {
          "line": 24,
          "column": null
        }
      },
      "3": {
        "start": {
          "line": 25,
          "column": 4
        },
        "end": {
          "line": 25,
          "column": null
        }
      },
      "4": {
        "start": {
          "line": 25,
          "column": 55
        },
        "end": {
          "line": 25,
          "column": 60
        }
      },
      "5": {
        "start": {
          "line": 26,
          "column": 4
        },
        "end": {
          "line": 26,
          "column": null
        }
      },
      "6": {
        "start": {
          "line": 27,
          "column": 4
        },
        "end": {
          "line": 27,
          "column": null
        }
      },
      "7": {
        "start": {
          "line": 28,
          "column": 4
        },
        "end": {
          "line": 28,
          "column": null
        }
      },
      "8": {
        "start": {
          "line": 32,
          "column": 4
        },
        "end": {
          "line": 32,
          "column": null
        }
      },
      "9": {
        "start": {
          "line": 33,
          "column": 4
        },
        "end": {
          "line": 33,
          "column": null
        }
      },
      "10": {
        "start": {
          "line": 37,
          "column": 4
        },
        "end": {
          "line": 37,
          "column": null
        }
      },
      "11": {
        "start": {
          "line": 37,
          "column": 20
        },
        "end": {
          "line": 37,
          "column": null
        }
      },
      "12": {
        "start": {
          "line": 38,
          "column": 17
        },
        "end": {
          "line": 38,
          "column": null
        }
      },
      "13": {
        "start": {
          "line": 39,
          "column": 16
        },
        "end": {
          "line": 39,
          "column": null
        }
      },
      "14": {
        "start": {
          "line": 41,
          "column": 4
        },
        "end": {
          "line": 71,
          "column": null
        }
      },
      "15": {
        "start": {
          "line": 43,
          "column": 6
        },
        "end": {
          "line": 45,
          "column": null
        }
      },
      "16": {
        "start": {
          "line": 44,
          "column": 8
        },
        "end": {
          "line": 44,
          "column": null
        }
      },
      "17": {
        "start": {
          "line": 47,
          "column": 6
        },
        "end": {
          "line": 51,
          "column": null
        }
      },
      "18": {
        "start": {
          "line": 49,
          "column": 8
        },
        "end": {
          "line": 49,
          "column": null
        }
      },
      "19": {
        "start": {
          "line": 50,
          "column": 8
        },
        "end": {
          "line": 50,
          "column": null
        }
      },
      "20": {
        "start": {
          "line": 52,
          "column": 22
        },
        "end": {
          "line": 52,
          "column": null
        }
      },
      "21": {
        "start": {
          "line": 53,
          "column": 20
        },
        "end": {
          "line": 53,
          "column": null
        }
      },
      "22": {
        "start": {
          "line": 54,
          "column": 22
        },
        "end": {
          "line": 54,
          "column": null
        }
      },
      "23": {
        "start": {
          "line": 56,
          "column": 6
        },
        "end": {
          "line": 70,
          "column": null
        }
      },
      "24": {
        "start": {
          "line": 58,
          "column": 24
        },
        "end": {
          "line": 58,
          "column": null
        }
      },
      "25": {
        "start": {
          "line": 58,
          "column": 38
        },
        "end": {
          "line": 58,
          "column": 44
        }
      },
      "26": {
        "start": {
          "line": 59,
          "column": 8
        },
        "end": {
          "line": 59,
          "column": null
        }
      },
      "27": {
        "start": {
          "line": 60,
          "column": 8
        },
        "end": {
          "line": 60,
          "column": null
        }
      },
      "28": {
        "start": {
          "line": 61,
          "column": 8
        },
        "end": {
          "line": 61,
          "column": null
        }
      },
      "29": {
        "start": {
          "line": 61,
          "column": 31
        },
        "end": {
          "line": 61,
          "column": 36
        }
      },
      "30": {
        "start": {
          "line": 62,
          "column": 8
        },
        "end": {
          "line": 62,
          "column": null
        }
      },
      "31": {
        "start": {
          "line": 64,
          "column": 8
        },
        "end": {
          "line": 66,
          "column": null
        }
      },
      "32": {
        "start": {
          "line": 65,
          "column": 10
        },
        "end": {
          "line": 65,
          "column": null
        }
      },
      "33": {
        "start": {
          "line": 69,
          "column": 8
        },
        "end": {
          "line": 69,
          "column": null
        }
      },
      "34": {
        "start": {
          "line": 79,
          "column": 4
        },
        "end": {
          "line": 79,
          "column": null
        }
      },
      "35": {
        "start": {
          "line": 83,
          "column": 14
        },
        "end": {
          "line": 83,
          "column": null
        }
      },
      "36": {
        "start": {
          "line": 84,
          "column": 19
        },
        "end": {
          "line": 84,
          "column": null
        }
      },
      "37": {
        "start": {
          "line": 85,
          "column": 19
        },
        "end": {
          "line": 85,
          "column": null
        }
      },
      "38": {
        "start": {
          "line": 86,
          "column": 4
        },
        "end": {
          "line": 86,
          "column": null
        }
      },
      "39": {
        "start": {
          "line": 90,
          "column": 4
        },
        "end": {
          "line": 90,
          "column": null
        }
      },
      "40": {
        "start": {
          "line": 10,
          "column": 13
        },
        "end": {
          "line": 10,
          "column": null
        }
      },
      "41": {
        "start": {
          "line": 10,
          "column": 13
        },
        "end": {
          "line": 5,
          "column": 25
        }
      }
    },
    "fnMap": {
      "0": {
        "name": "(anonymous_4384)",
        "decl": {
          "start": {
            "line": 17,
            "column": 31
          },
          "end": {
            "line": 17,
            "column": 37
          }
        },
        "loc": {
          "start": {
            "line": 17,
            "column": 37
          },
          "end": {
            "line": 17,
            "column": null
          }
        }
      },
      "1": {
        "name": "(anonymous_4385)",
        "decl": {
          "start": {
            "line": 19,
            "column": 2
          },
          "end": {
            "line": 19,
            "column": null
          }
        },
        "loc": {
          "start": {
            "line": 19,
            "column": 2
          },
          "end": {
            "line": 21,
            "column": null
          }
        }
      },
      "2": {
        "name": "(anonymous_4386)",
        "decl": {
          "start": {
            "line": 23,
            "column": 2
          },
          "end": {
            "line": 23,
            "column": 18
          }
        },
        "loc": {
          "start": {
            "line": 23,
            "column": 18
          },
          "end": {
            "line": 29,
            "column": null
          }
        }
      },
      "3": {
        "name": "(anonymous_4387)",
        "decl": {
          "start": {
            "line": 25,
            "column": 45
          },
          "end": {
            "line": 25,
            "column": 46
          }
        },
        "loc": {
          "start": {
            "line": 25,
            "column": 55
          },
          "end": {
            "line": 25,
            "column": 60
          }
        }
      },
      "4": {
        "name": "(anonymous_4388)",
        "decl": {
          "start": {
            "line": 31,
            "column": 2
          },
          "end": {
            "line": 31,
            "column": 15
          }
        },
        "loc": {
          "start": {
            "line": 31,
            "column": 31
          },
          "end": {
            "line": 34,
            "column": null
          }
        }
      },
      "5": {
        "name": "(anonymous_4389)",
        "decl": {
          "start": {
            "line": 36,
            "column": 2
          },
          "end": {
            "line": 36,
            "column": 12
          }
        },
        "loc": {
          "start": {
            "line": 36,
            "column": 35
          },
          "end": {
            "line": 72,
            "column": null
          }
        }
      },
      "6": {
        "name": "(anonymous_4390)",
        "decl": {
          "start": {
            "line": 58,
            "column": 33
          },
          "end": {
            "line": 58,
            "column": 38
          }
        },
        "loc": {
          "start": {
            "line": 58,
            "column": 38
          },
          "end": {
            "line": 58,
            "column": 44
          }
        }
      },
      "7": {
        "name": "(anonymous_4391)",
        "decl": {
          "start": {
            "line": 61,
            "column": 26
          },
          "end": {
            "line": 61,
            "column": 31
          }
        },
        "loc": {
          "start": {
            "line": 61,
            "column": 31
          },
          "end": {
            "line": 61,
            "column": 36
          }
        }
      },
      "8": {
        "name": "(anonymous_4392)",
        "decl": {
          "start": {
            "line": 74,
            "column": 2
          },
          "end": {
            "line": 74,
            "column": 12
          }
        },
        "loc": {
          "start": {
            "line": 74,
            "column": 33
          },
          "end": {
            "line": 80,
            "column": null
          }
        }
      },
      "9": {
        "name": "(anonymous_4393)",
        "decl": {
          "start": {
            "line": 82,
            "column": 2
          },
          "end": {
            "line": 82,
            "column": 12
          }
        },
        "loc": {
          "start": {
            "line": 82,
            "column": 33
          },
          "end": {
            "line": 87,
            "column": null
          }
        }
      },
      "10": {
        "name": "(anonymous_4394)",
        "decl": {
          "start": {
            "line": 89,
            "column": 2
          },
          "end": {
            "line": 89,
            "column": 15
          }
        },
        "loc": {
          "start": {
            "line": 89,
            "column": 37
          },
          "end": {
            "line": 91,
            "column": null
          }
        }
      },
      "11": {
        "name": "App_Template",
        "decl": {
          "start": {
            "line": 10,
            "column": 16
          },
          "end": {
            "line": 10,
            "column": null
          }
        },
        "loc": {
          "start": {
            "line": 10,
            "column": 16
          },
          "end": {
            "line": 5,
            "column": 24
          }
        }
      }
    },
    "branchMap": {
      "0": {
        "loc": {
          "start": {
            "line": 37,
            "column": 4
          },
          "end": {
            "line": 37,
            "column": null
          }
        },
        "type": "if",
        "locations": [
          {
            "start": {
              "line": 37,
              "column": 4
            },
            "end": {
              "line": 37,
              "column": null
            }
          }
        ]
      },
      "1": {
        "loc": {
          "start": {
            "line": 41,
            "column": 4
          },
          "end": {
            "line": 71,
            "column": null
          }
        },
        "type": "if",
        "locations": [
          {
            "start": {
              "line": 41,
              "column": 4
            },
            "end": {
              "line": 71,
              "column": null
            }
          },
          {
            "start": {
              "line": 46,
              "column": 11
            },
            "end": {
              "line": 71,
              "column": null
            }
          }
        ]
      },
      "2": {
        "loc": {
          "start": {
            "line": 43,
            "column": 6
          },
          "end": {
            "line": 45,
            "column": null
          }
        },
        "type": "if",
        "locations": [
          {
            "start": {
              "line": 43,
              "column": 6
            },
            "end": {
              "line": 45,
              "column": null
            }
          }
        ]
      },
      "3": {
        "loc": {
          "start": {
            "line": 47,
            "column": 6
          },
          "end": {
            "line": 51,
            "column": null
          }
        },
        "type": "if",
        "locations": [
          {
            "start": {
              "line": 47,
              "column": 6
            },
            "end": {
              "line": 51,
              "column": null
            }
          }
        ]
      },
      "4": {
        "loc": {
          "start": {
            "line": 56,
            "column": 6
          },
          "end": {
            "line": 70,
            "column": null
          }
        },
        "type": "if",
        "locations": [
          {
            "start": {
              "line": 56,
              "column": 6
            },
            "end": {
              "line": 70,
              "column": null
            }
          },
          {
            "start": {
              "line": 67,
              "column": 13
            },
            "end": {
              "line": 70,
              "column": null
            }
          }
        ]
      },
      "5": {
        "loc": {
          "start": {
            "line": 56,
            "column": 10
          },
          "end": {
            "line": 56,
            "column": 67
          }
        },
        "type": "binary-expr",
        "locations": [
          {
            "start": {
              "line": 56,
              "column": 10
            },
            "end": {
              "line": 56,
              "column": 32
            }
          },
          {
            "start": {
              "line": 56,
              "column": 32
            },
            "end": {
              "line": 56,
              "column": 67
            }
          }
        ]
      },
      "6": {
        "loc": {
          "start": {
            "line": 64,
            "column": 8
          },
          "end": {
            "line": 66,
            "column": null
          }
        },
        "type": "if",
        "locations": [
          {
            "start": {
              "line": 64,
              "column": 8
            },
            "end": {
              "line": 66,
              "column": null
            }
          }
        ]
      },
      "7": {
        "loc": {
          "start": {
            "line": 69,
            "column": 26
          },
          "end": {
            "line": 69,
            "column": 69
          }
        },
        "type": "cond-expr",
        "locations": [
          {
            "start": {
              "line": 69,
              "column": 54
            },
            "end": {
              "line": 69,
              "column": 65
            }
          },
          {
            "start": {
              "line": 69,
              "column": 65
            },
            "end": {
              "line": 69,
              "column": 69
            }
          }
        ]
      },
      "8": {
        "loc": {
          "start": {
            "line": 86,
            "column": 35
          },
          "end": {
            "line": 86,
            "column": 51
          }
        },
        "type": "binary-expr",
        "locations": [
          {
            "start": {
              "line": 86,
              "column": 35
            },
            "end": {
              "line": 86,
              "column": 44
            }
          },
          {
            "start": {
              "line": 86,
              "column": 44
            },
            "end": {
              "line": 86,
              "column": 51
            }
          }
        ]
      },
      "9": {
        "loc": {
          "start": {
            "line": 10,
            "column": 13
          },
          "end": {
            "line": 10,
            "column": 16
          }
        },
        "type": "binary-expr",
        "locations": [
          {
            "start": {
              "line": 10,
              "column": 13
            },
            "end": {
              "line": 10,
              "column": 16
            }
          },
          {
            "start": {
              "line": 10,
              "column": 13
            },
            "end": {
              "line": 10,
              "column": 16
            }
          }
        ]
      },
      "10": {
        "loc": {
          "start": {
            "line": 10,
            "column": 13
          },
          "end": {
            "line": 10,
            "column": null
          }
        },
        "type": "binary-expr",
        "locations": [
          {
            "start": {
              "line": 10,
              "column": 13
            },
            "end": {
              "line": 10,
              "column": 16
            }
          },
          {
            "start": {
              "line": 10,
              "column": 13
            },
            "end": {
              "line": 10,
              "column": 16
            }
          },
          {
            "start": {
              "line": 10,
              "column": 13
            },
            "end": {
              "line": 10,
              "column": null
            }
          }
        ]
      }
    },
    "s": {
      "0": 8,
      "1": 4,
      "2": 8,
      "3": 8,
      "4": 28,
      "5": 8,
      "6": 8,
      "7": 8,
      "8": 4,
      "9": 4,
      "10": 61,
      "11": 1,
      "12": 60,
      "13": 60,
      "14": 60,
      "15": 30,
      "16": 30,
      "17": 30,
      "18": 0,
      "19": 0,
      "20": 30,
      "21": 30,
      "22": 30,
      "23": 30,
      "24": 30,
      "25": 90,
      "26": 30,
      "27": 30,
      "28": 30,
      "29": 30,
      "30": 30,
      "31": 30,
      "32": 4,
      "33": 0,
      "34": 211,
      "35": 211,
      "36": 211,
      "37": 211,
      "38": 211,
      "39": 411,
      "40": 8,
      "41": 4
    },
    "f": {
      "0": 8,
      "1": 4,
      "2": 8,
      "3": 28,
      "4": 4,
      "5": 61,
      "6": 90,
      "7": 30,
      "8": 211,
      "9": 211,
      "10": 411,
      "11": 73
    },
    "b": {
      "0": [
        1
      ],
      "1": [
        30,
        30
      ],
      "2": [
        30
      ],
      "3": [
        0
      ],
      "4": [
        30,
        0
      ],
      "5": [
        30,
        13
      ],
      "6": [
        4
      ],
      "7": [
        0,
        0
      ],
      "8": [
        211,
        0
      ],
      "9": [
        8,
        8
      ],
      "10": [
        4,
        4,
        4
      ]
    }
  }
}