{"/Users/rodrigo.monteiro/Documents/Demos/AWS_Transform/Angular-to-React/my-angular-app/dist/my-angular-app/browser/src/main.ts": {"path":"/Users/rodrigo.monteiro/Documents/Demos/AWS_Transform/Angular-to-React/my-angular-app/dist/my-angular-app/browser/src/main.ts","statementMap":{"0":{"start":{"line":5,"column":0},"end":{"line":6,"column":null}},"1":{"start":{"line":6,"column":18},"end":{"line":6,"column":36}}},"fnMap":{"0":{"name":"(anonymous_4401)","decl":{"start":{"line":6,"column":9},"end":{"line":6,"column":10}},"loc":{"start":{"line":6,"column":18},"end":{"line":6,"column":36}}}},"branchMap":{},"s":{"0":4,"1":0},"f":{"0":0},"b":{}}
,"/Users/rodrigo.monteiro/Documents/Demos/AWS_Transform/Angular-to-React/my-angular-app/dist/my-angular-app/browser/src/app/app.config.ts": {"path":"/Users/rodrigo.monteiro/Documents/Demos/AWS_Transform/Angular-to-React/my-angular-app/dist/my-angular-app/browser/src/app/app.config.ts","statementMap":{"0":{"start":{"line":5,"column":44},"end":{"line":10,"column":null}}},"fnMap":{},"branchMap":{},"s":{"0":4},"f":{},"b":{}}
,"/Users/rodrigo.monteiro/Documents/Demos/AWS_Transform/Angular-to-React/my-angular-app/dist/my-angular-app/browser/src/app/app.routes.ts": {"path":"/Users/rodrigo.monteiro/Documents/Demos/AWS_Transform/Angular-to-React/my-angular-app/dist/my-angular-app/browser/src/app/app.routes.ts","statementMap":{"0":{"start":{"line":3,"column":30},"end":{"line":3,"column":null}}},"fnMap":{},"branchMap":{},"s":{"0":4},"f":{},"b":{}}
,"/Users/rodrigo.monteiro/Documents/Demos/AWS_Transform/Angular-to-React/my-angular-app/dist/my-angular-app/browser/src/app/app.ts": {"path":"/Users/rodrigo.monteiro/Documents/Demos/AWS_Transform/Angular-to-React/my-angular-app/dist/my-angular-app/browser/src/app/app.ts","statementMap":{"0":{"start":{"line":17,"column":37},"end":{"line":17,"column":null}},"1":{"start":{"line":20,"column":4},"end":{"line":20,"column":null}},"2":{"start":{"line":24,"column":14},"end":{"line":24,"column":null}},"3":{"start":{"line":25,"column":4},"end":{"line":25,"column":null}},"4":{"start":{"line":25,"column":55},"end":{"line":25,"column":60}},"5":{"start":{"line":26,"column":4},"end":{"line":26,"column":null}},"6":{"start":{"line":27,"column":4},"end":{"line":27,"column":null}},"7":{"start":{"line":28,"column":4},"end":{"line":28,"column":null}},"8":{"start":{"line":32,"column":4},"end":{"line":32,"column":null}},"9":{"start":{"line":33,"column":4},"end":{"line":33,"column":null}},"10":{"start":{"line":37,"column":4},"end":{"line":37,"column":null}},"11":{"start":{"line":37,"column":20},"end":{"line":37,"column":null}},"12":{"start":{"line":38,"column":17},"end":{"line":38,"column":null}},"13":{"start":{"line":39,"column":16},"end":{"line":39,"column":null}},"14":{"start":{"line":41,"column":4},"end":{"line":71,"column":null}},"15":{"start":{"line":43,"column":6},"end":{"line":45,"column":null}},"16":{"start":{"line":44,"column":8},"end":{"line":44,"column":null}},"17":{"start":{"line":47,"column":6},"end":{"line":51,"column":null}},"18":{"start":{"line":49,"column":8},"end":{"line":49,"column":null}},"19":{"start":{"line":50,"column":8},"end":{"line":50,"column":null}},"20":{"start":{"line":52,"column":22},"end":{"line":52,"column":null}},"21":{"start":{"line":53,"column":20},"end":{"line":53,"column":null}},"22":{"start":{"line":54,"column":22},"end":{"line":54,"column":null}},"23":{"start":{"line":56,"column":6},"end":{"line":70,"column":null}},"24":{"start":{"line":58,"column":24},"end":{"line":58,"column":null}},"25":{"start":{"line":58,"column":38},"end":{"line":58,"column":44}},"26":{"start":{"line":59,"column":8},"end":{"line":59,"column":null}},"27":{"start":{"line":60,"column":8},"end":{"line":60,"column":null}},"28":{"start":{"line":61,"column":8},"end":{"line":61,"column":null}},"29":{"start":{"line":61,"column":31},"end":{"line":61,"column":36}},"30":{"start":{"line":62,"column":8},"end":{"line":62,"column":null}},"31":{"start":{"line":64,"column":8},"end":{"line":66,"column":null}},"32":{"start":{"line":65,"column":10},"end":{"line":65,"column":null}},"33":{"start":{"line":69,"column":8},"end":{"line":69,"column":null}},"34":{"start":{"line":79,"column":4},"end":{"line":79,"column":null}},"35":{"start":{"line":83,"column":14},"end":{"line":83,"column":null}},"36":{"start":{"line":84,"column":19},"end":{"line":84,"column":null}},"37":{"start":{"line":85,"column":19},"end":{"line":85,"column":null}},"38":{"start":{"line":86,"column":4},"end":{"line":86,"column":null}},"39":{"start":{"line":90,"column":4},"end":{"line":90,"column":null}},"40":{"start":{"line":10,"column":13},"end":{"line":10,"column":null}},"41":{"start":{"line":10,"column":13},"end":{"line":5,"column":25}}},"fnMap":{"0":{"name":"(anonymous_4384)","decl":{"start":{"line":17,"column":31},"end":{"line":17,"column":37}},"loc":{"start":{"line":17,"column":37},"end":{"line":17,"column":null}}},"1":{"name":"(anonymous_4385)","decl":{"start":{"line":19,"column":2},"end":{"line":19,"column":null}},"loc":{"start":{"line":19,"column":2},"end":{"line":21,"column":null}}},"2":{"name":"(anonymous_4386)","decl":{"start":{"line":23,"column":2},"end":{"line":23,"column":18}},"loc":{"start":{"line":23,"column":18},"end":{"line":29,"column":null}}},"3":{"name":"(anonymous_4387)","decl":{"start":{"line":25,"column":45},"end":{"line":25,"column":46}},"loc":{"start":{"line":25,"column":55},"end":{"line":25,"column":60}}},"4":{"name":"(anonymous_4388)","decl":{"start":{"line":31,"column":2},"end":{"line":31,"column":15}},"loc":{"start":{"line":31,"column":31},"end":{"line":34,"column":null}}},"5":{"name":"(anonymous_4389)","decl":{"start":{"line":36,"column":2},"end":{"line":36,"column":12}},"loc":{"start":{"line":36,"column":35},"end":{"line":72,"column":null}}},"6":{"name":"(anonymous_4390)","decl":{"start":{"line":58,"column":33},"end":{"line":58,"column":38}},"loc":{"start":{"line":58,"column":38},"end":{"line":58,"column":44}}},"7":{"name":"(anonymous_4391)","decl":{"start":{"line":61,"column":26},"end":{"line":61,"column":31}},"loc":{"start":{"line":61,"column":31},"end":{"line":61,"column":36}}},"8":{"name":"(anonymous_4392)","decl":{"start":{"line":74,"column":2},"end":{"line":74,"column":12}},"loc":{"start":{"line":74,"column":33},"end":{"line":80,"column":null}}},"9":{"name":"(anonymous_4393)","decl":{"start":{"line":82,"column":2},"end":{"line":82,"column":12}},"loc":{"start":{"line":82,"column":33},"end":{"line":87,"column":null}}},"10":{"name":"(anonymous_4394)","decl":{"start":{"line":89,"column":2},"end":{"line":89,"column":15}},"loc":{"start":{"line":89,"column":37},"end":{"line":91,"column":null}}},"11":{"name":"App_Template","decl":{"start":{"line":10,"column":16},"end":{"line":10,"column":null}},"loc":{"start":{"line":10,"column":16},"end":{"line":5,"column":24}}}},"branchMap":{"0":{"loc":{"start":{"line":37,"column":4},"end":{"line":37,"column":null}},"type":"if","locations":[{"start":{"line":37,"column":4},"end":{"line":37,"column":null}}]},"1":{"loc":{"start":{"line":41,"column":4},"end":{"line":71,"column":null}},"type":"if","locations":[{"start":{"line":41,"column":4},"end":{"line":71,"column":null}},{"start":{"line":46,"column":11},"end":{"line":71,"column":null}}]},"2":{"loc":{"start":{"line":43,"column":6},"end":{"line":45,"column":null}},"type":"if","locations":[{"start":{"line":43,"column":6},"end":{"line":45,"column":null}}]},"3":{"loc":{"start":{"line":47,"column":6},"end":{"line":51,"column":null}},"type":"if","locations":[{"start":{"line":47,"column":6},"end":{"line":51,"column":null}}]},"4":{"loc":{"start":{"line":56,"column":6},"end":{"line":70,"column":null}},"type":"if","locations":[{"start":{"line":56,"column":6},"end":{"line":70,"column":null}},{"start":{"line":67,"column":13},"end":{"line":70,"column":null}}]},"5":{"loc":{"start":{"line":56,"column":10},"end":{"line":56,"column":67}},"type":"binary-expr","locations":[{"start":{"line":56,"column":10},"end":{"line":56,"column":32}},{"start":{"line":56,"column":32},"end":{"line":56,"column":67}}]},"6":{"loc":{"start":{"line":64,"column":8},"end":{"line":66,"column":null}},"type":"if","locations":[{"start":{"line":64,"column":8},"end":{"line":66,"column":null}}]},"7":{"loc":{"start":{"line":69,"column":26},"end":{"line":69,"column":69}},"type":"cond-expr","locations":[{"start":{"line":69,"column":54},"end":{"line":69,"column":65}},{"start":{"line":69,"column":65},"end":{"line":69,"column":69}}]},"8":{"loc":{"start":{"line":86,"column":35},"end":{"line":86,"column":51}},"type":"binary-expr","locations":[{"start":{"line":86,"column":35},"end":{"line":86,"column":44}},{"start":{"line":86,"column":44},"end":{"line":86,"column":51}}]},"9":{"loc":{"start":{"line":10,"column":13},"end":{"line":10,"column":16}},"type":"binary-expr","locations":[{"start":{"line":10,"column":13},"end":{"line":10,"column":16}},{"start":{"line":10,"column":13},"end":{"line":10,"column":16}}]},"10":{"loc":{"start":{"line":10,"column":13},"end":{"line":10,"column":null}},"type":"binary-expr","locations":[{"start":{"line":10,"column":13},"end":{"line":10,"column":16}},{"start":{"line":10,"column":13},"end":{"line":10,"column":16}},{"start":{"line":10,"column":13},"end":{"line":10,"column":null}}]}},"s":{"0":8,"1":4,"2":8,"3":8,"4":28,"5":8,"6":8,"7":8,"8":4,"9":4,"10":61,"11":1,"12":60,"13":60,"14":60,"15":30,"16":30,"17":30,"18":0,"19":0,"20":30,"21":30,"22":30,"23":30,"24":30,"25":90,"26":30,"27":30,"28":30,"29":30,"30":30,"31":30,"32":4,"33":0,"34":211,"35":211,"36":211,"37":211,"38":211,"39":411,"40":8,"41":4},"f":{"0":8,"1":4,"2":8,"3":28,"4":4,"5":61,"6":90,"7":30,"8":211,"9":211,"10":411,"11":73},"b":{"0":[1],"1":[30,30],"2":[30],"3":[0],"4":[30,0],"5":[30,13],"6":[4],"7":[0,0],"8":[211,0],"9":[8,8],"10":[4,4,4]}}
,"/Users/rodrigo.monteiro/Documents/Demos/AWS_Transform/Angular-to-React/my-angular-app/dist/my-angular-app/darwin_arm64-fastbuild-ST-fdfa778d11ba/bin/packages/platform-browser/src/hydration.ts": {"path":"/Users/rodrigo.monteiro/Documents/Demos/AWS_Transform/Angular-to-React/my-angular-app/dist/my-angular-app/darwin_arm64-fastbuild-ST-fdfa778d11ba/bin/packages/platform-browser/src/hydration.ts","statementMap":{"0":{"start":{"line":187,"column":6},"end":{"line":264,"column":null}},"1":{"start":{"line":189,"column":3},"end":{"line":244,"column":null}},"2":{"start":{"line":190,"column":0},"end":{"line":190,"column":null}},"3":{"start":{"line":250,"column":24},"end":{"line":250,"column":26}},"4":{"start":{"line":250,"column":26},"end":{"line":255,"column":null}},"5":{"start":{"line":250,"column":36},"end":{"line":250,"column":null}},"6":{"start":{"line":254,"column":6},"end":{"line":254,"column":null}},"7":{"start":{"line":256,"column":2},"end":{"line":256,"column":null}},"8":{"start":{"line":268,"column":4},"end":{"line":295,"column":31}},"9":{"start":{"line":269,"column":4},"end":{"line":295,"column":17}},"10":{"start":{"line":281,"column":4},"end":{"line":281,"column":20}},"11":{"start":{"line":297,"column":4},"end":{"line":297,"column":null}},"12":{"start":{"line":299,"column":6},"end":{"line":299,"column":null}},"13":{"start":{"line":299,"column":17},"end":{"line":299,"column":null}},"14":{"start":{"line":302,"column":8},"end":{"line":302,"column":null}},"15":{"start":{"line":305,"column":10},"end":{"line":307,"column":null}},"16":{"start":{"line":306,"column":12},"end":{"line":306,"column":null}},"17":{"start":{"line":308,"column":9},"end":{"line":308,"column":null}},"18":{"start":{"line":312,"column":0},"end":{"line":312,"column":null}}},"fnMap":{"0":{"name":"DomSanitizer_Factory","decl":{"start":{"line":189,"column":3},"end":{"line":189,"column":null}},"loc":{"start":{"line":189,"column":3},"end":{"line":244,"column":null}}},"1":{"name":"DomSanitizer_Factory","decl":{"start":{"line":250,"column":13},"end":{"line":250,"column":14}},"loc":{"start":{"line":250,"column":13},"end":{"line":258,"column":null}}},"2":{"name":"(anonymous_3533)","decl":{"start":{"line":268,"column":4},"end":{"line":268,"column":null}},"loc":{"start":{"line":268,"column":4},"end":{"line":295,"column":31}}},"3":{"name":"(anonymous_3534)","decl":{"start":{"line":280,"column":9},"end":{"line":280,"column":null}},"loc":{"start":{"line":281,"column":4},"end":{"line":281,"column":20}}}},"branchMap":{"0":{"loc":{"start":{"line":190,"column":0},"end":{"line":190,"column":null}},"type":"binary-expr","locations":[{"start":{"line":190,"column":0},"end":{"line":190,"column":null}},{"start":{"line":190,"column":0},"end":{"line":190,"column":null}}]},"1":{"loc":{"start":{"line":250,"column":26},"end":{"line":255,"column":null}},"type":"if","locations":[{"start":{"line":250,"column":26},"end":{"line":255,"column":null}},{"start":{"line":251,"column":4},"end":{"line":255,"column":null}}]},"2":{"loc":{"start":{"line":250,"column":46},"end":{"line":250,"column":null}},"type":"binary-expr","locations":[{"start":{"line":250,"column":46},"end":{"line":250,"column":null}},{"start":{"line":250,"column":46},"end":{"line":250,"column":null}}]},"3":{"loc":{"start":{"line":269,"column":4},"end":{"line":295,"column":17}},"type":"binary-expr","locations":[{"start":{"line":269,"column":4},"end":{"line":270,"column":23}},{"start":{"line":270,"column":23},"end":{"line":270,"column":44}},{"start":{"line":270,"column":44},"end":{"line":295,"column":17}}]},"4":{"loc":{"start":{"line":299,"column":6},"end":{"line":299,"column":null}},"type":"if","locations":[{"start":{"line":299,"column":6},"end":{"line":299,"column":null}}]},"5":{"loc":{"start":{"line":301,"column":8},"end":{"line":302,"column":null}},"type":"switch","locations":[{"start":{"line":301,"column":8},"end":{"line":302,"column":null}},{"start":{"line":304,"column":8},"end":{"line":308,"column":null}}]},"6":{"loc":{"start":{"line":305,"column":10},"end":{"line":307,"column":null}},"type":"if","locations":[{"start":{"line":305,"column":10},"end":{"line":307,"column":null}}]}},"s":{"0":4,"1":4,"2":0,"3":0,"4":0,"5":0,"6":0,"7":0,"8":4,"9":4,"10":0,"11":0,"12":0,"13":0,"14":0,"15":0,"16":0,"17":0,"18":0},"f":{"0":0,"1":0,"2":4,"3":0},"b":{"0":[0,0],"1":[0,0],"2":[0,0],"3":[4,4,4],"4":[0],"5":[0,0],"6":[0]}}
,"/Users/rodrigo.monteiro/Documents/Demos/AWS_Transform/Angular-to-React/my-angular-app/dist/my-angular-app/darwin_arm64-fastbuild-ST-fdfa778d11ba/bin/packages/platform-browser/src/browser/meta.ts": {"path":"/Users/rodrigo.monteiro/Documents/Demos/AWS_Transform/Angular-to-React/my-angular-app/dist/my-angular-app/darwin_arm64-fastbuild-ST-fdfa778d11ba/bin/packages/platform-browser/src/browser/meta.ts","statementMap":{"0":{"start":{"line":62,"column":13},"end":{"line":62,"column":null}},"1":{"start":{"line":63,"column":26},"end":{"line":63,"column":null}},"2":{"start":{"line":77,"column":2},"end":{"line":77,"column":null}},"3":{"start":{"line":77,"column":30},"end":{"line":77,"column":null}},"4":{"start":{"line":78,"column":4},"end":{"line":78,"column":null}},"5":{"start":{"line":90,"column":2},"end":{"line":90,"column":null}},"6":{"start":{"line":90,"column":34},"end":{"line":90,"column":64}},"7":{"start":{"line":90,"column":64},"end":{"line":90,"column":null}},"8":{"start":{"line":102,"column":2},"end":{"line":102,"column":null}},"9":{"start":{"line":102,"column":29},"end":{"line":102,"column":null}},"10":{"start":{"line":103,"column":9},"end":{"line":103,"column":null}},"11":{"start":{"line":104,"column":4},"end":{"line":104,"column":null}},"12":{"start":{"line":114,"column":2},"end":{"line":114,"column":null}},"13":{"start":{"line":114,"column":30},"end":{"line":114,"column":null}},"14":{"start":{"line":115,"column":9},"end":{"line":115,"column":null}},"15":{"start":{"line":116,"column":4},"end":{"line":116,"column":null}},"16":{"start":{"line":116,"column":61},"end":{"line":116,"column":null}},"17":{"start":{"line":129,"column":2},"end":{"line":129,"column":null}},"18":{"start":{"line":130,"column":4},"end":{"line":130,"column":null}},"19":{"start":{"line":131,"column":17},"end":{"line":131,"column":null}},"20":{"start":{"line":132,"column":4},"end":{"line":135,"column":null}},"21":{"start":{"line":133,"column":4},"end":{"line":133,"column":null}},"22":{"start":{"line":134,"column":6},"end":{"line":134,"column":null}},"23":{"start":{"line":136,"column":4},"end":{"line":136,"column":null}},"24":{"start":{"line":145,"column":2},"end":{"line":145,"column":null}},"25":{"start":{"line":153,"column":2},"end":{"line":155,"column":null}},"26":{"start":{"line":154,"column":4},"end":{"line":154,"column":null}},"27":{"start":{"line":159,"column":10},"end":{"line":161,"column":null}},"28":{"start":{"line":163,"column":4},"end":{"line":170,"column":null}},"29":{"start":{"line":164,"column":22},"end":{"line":164,"column":null}},"30":{"start":{"line":165,"column":12},"end":{"line":165,"column":null}},"31":{"start":{"line":165,"column":50},"end":{"line":165,"column":null}},"32":{"start":{"line":169,"column":6},"end":{"line":169,"column":null}},"33":{"start":{"line":169,"column":24},"end":{"line":169,"column":null}},"34":{"start":{"line":171,"column":4},"end":{"line":171,"column":null}},"35":{"start":{"line":172,"column":4},"end":{"line":172,"column":null}},"36":{"start":{"line":173,"column":4},"end":{"line":173,"column":null}},"37":{"start":{"line":174,"column":4},"end":{"line":174,"column":null}},"38":{"start":{"line":175,"column":4},"end":{"line":175,"column":null}},"39":{"start":{"line":62,"column":17},"end":{"line":62,"column":null}},"40":{"start":{"line":62,"column":17},"end":{"line":180,"column":null}},"41":{"start":{"line":184,"column":9},"end":{"line":184,"column":null}},"42":{"start":{"line":185,"column":2},"end":{"line":185,"column":null}},"43":{"start":{"line":189,"column":2},"end":{"line":189,"column":null}},"44":{"start":{"line":192,"column":6},"end":{"line":195,"column":null}},"45":{"start":{"line":194,"column":9},"end":{"line":195,"column":null}},"46":{"start":{"line":199,"column":0},"end":{"line":199,"column":null}},"47":{"start":{"line":203,"column":2},"end":{"line":203,"column":null}},"48":{"start":{"line":206,"column":9},"end":{"line":210,"column":null}},"49":{"start":{"line":216,"column":0},"end":{"line":216,"column":null}},"50":{"start":{"line":220,"column":0},"end":{"line":220,"column":null}},"51":{"start":{"line":227,"column":0},"end":{"line":227,"column":49}}},"fnMap":{"0":{"name":"(anonymous_3497)","decl":{"start":{"line":65,"column":10},"end":{"line":65,"column":21}},"loc":{"start":{"line":65,"column":21},"end":{"line":79,"column":null}}},"1":{"name":"(anonymous_3499)","decl":{"start":{"line":90,"column":34},"end":{"line":90,"column":59}},"loc":{"start":{"line":90,"column":34},"end":{"line":90,"column":64}}},"2":{"name":"(anonymous_3500)","decl":{"start":{"line":90,"column":64},"end":{"line":90,"column":null}},"loc":{"start":{"line":90,"column":64},"end":{"line":90,"column":null}}},"3":{"name":"(anonymous_3501)","decl":{"start":{"line":94,"column":2},"end":{"line":94,"column":null}},"loc":{"start":{"line":94,"column":2},"end":{"line":105,"column":null}}},"4":{"name":"(anonymous_3502)","decl":{"start":{"line":106,"column":2},"end":{"line":106,"column":null}},"loc":{"start":{"line":106,"column":2},"end":{"line":117,"column":null}}},"5":{"name":"(anonymous_3503)","decl":{"start":{"line":116,"column":27},"end":{"line":116,"column":61}},"loc":{"start":{"line":116,"column":61},"end":{"line":116,"column":null}}},"6":{"name":"(anonymous_3504)","decl":{"start":{"line":118,"column":2},"end":{"line":118,"column":null}},"loc":{"start":{"line":118,"column":2},"end":{"line":137,"column":null}}},"7":{"name":"(anonymous_3506)","decl":{"start":{"line":147,"column":2},"end":{"line":147,"column":null}},"loc":{"start":{"line":147,"column":2},"end":{"line":156,"column":null}}},"8":{"name":"(anonymous_3507)","decl":{"start":{"line":157,"column":2},"end":{"line":157,"column":null}},"loc":{"start":{"line":157,"column":2},"end":{"line":176,"column":null}}},"9":{"name":"(anonymous_3508)","decl":{"start":{"line":165,"column":50},"end":{"line":165,"column":null}},"loc":{"start":{"line":165,"column":50},"end":{"line":165,"column":null}}},"10":{"name":"parseSelector","decl":{"start":{"line":182,"column":0},"end":{"line":182,"column":null}},"loc":{"start":{"line":182,"column":0},"end":{"line":186,"column":null}}},"11":{"name":"escapeSelectorValue","decl":{"start":{"line":188,"column":9},"end":{"line":188,"column":51}},"loc":{"start":{"line":188,"column":51},"end":{"line":190,"column":null}}},"12":{"name":"containsAttributes","decl":{"start":{"line":191,"column":8},"end":{"line":191,"column":22}},"loc":{"start":{"line":191,"column":36},"end":{"line":197,"column":null}}},"13":{"name":"(anonymous_3518)","decl":{"start":{"line":192,"column":28},"end":{"line":192,"column":null}},"loc":{"start":{"line":194,"column":9},"end":{"line":195,"column":null}}},"14":{"name":"getMetaKeyMap","decl":{"start":{"line":198,"column":2},"end":{"line":198,"column":null}},"loc":{"start":{"line":198,"column":2},"end":{"line":201,"column":null}}},"15":{"name":"isMetaTag","decl":{"start":{"line":202,"column":8},"end":{"line":202,"column":27}},"loc":{"start":{"line":202,"column":31},"end":{"line":204,"column":null}}},"16":{"name":"(anonymous_3521)","decl":{"start":{"line":214,"column":0},"end":{"line":214,"column":null}},"loc":{"start":{"line":214,"column":0},"end":{"line":217,"column":null}}},"17":{"name":"(anonymous_3522)","decl":{"start":{"line":218,"column":0},"end":{"line":218,"column":null}},"loc":{"start":{"line":218,"column":0},"end":{"line":221,"column":null}}},"18":{"name":"(anonymous_3523)","decl":{"start":{"line":222,"column":0},"end":{"line":222,"column":null}},"loc":{"start":{"line":222,"column":0},"end":{"line":227,"column":73}}}},"branchMap":{"0":{"loc":{"start":{"line":65,"column":21},"end":{"line":65,"column":null}},"type":"default-arg","locations":[{"start":{"line":65,"column":21},"end":{"line":65,"column":null}}]},"1":{"loc":{"start":{"line":77,"column":2},"end":{"line":77,"column":null}},"type":"if","locations":[{"start":{"line":77,"column":2},"end":{"line":77,"column":null}}]},"2":{"loc":{"start":{"line":80,"column":2},"end":{"line":80,"column":null}},"type":"default-arg","locations":[{"start":{"line":80,"column":2},"end":{"line":80,"column":null}}]},"3":{"loc":{"start":{"line":102,"column":2},"end":{"line":102,"column":null}},"type":"if","locations":[{"start":{"line":102,"column":2},"end":{"line":102,"column":null}}]},"4":{"loc":{"start":{"line":104,"column":10},"end":{"line":104,"column":null}},"type":"cond-expr","locations":[{"start":{"line":104,"column":27},"end":{"line":104,"column":null}},{"start":{"line":104,"column":27},"end":{"line":104,"column":null}}]},"5":{"loc":{"start":{"line":114,"column":2},"end":{"line":114,"column":null}},"type":"if","locations":[{"start":{"line":114,"column":2},"end":{"line":114,"column":null}}]},"6":{"loc":{"start":{"line":116,"column":10},"end":{"line":116,"column":null}},"type":"cond-expr","locations":[{"start":{"line":116,"column":17},"end":{"line":116,"column":null}},{"start":{"line":116,"column":79},"end":{"line":116,"column":null}}]},"7":{"loc":{"start":{"line":132,"column":4},"end":{"line":135,"column":null}},"type":"if","locations":[{"start":{"line":132,"column":4},"end":{"line":135,"column":null}}]},"8":{"loc":{"start":{"line":153,"column":2},"end":{"line":155,"column":null}},"type":"if","locations":[{"start":{"line":153,"column":2},"end":{"line":155,"column":null}}]},"9":{"loc":{"start":{"line":157,"column":2},"end":{"line":157,"column":null}},"type":"default-arg","locations":[{"start":{"line":157,"column":2},"end":{"line":157,"column":null}}]},"10":{"loc":{"start":{"line":163,"column":4},"end":{"line":170,"column":null}},"type":"if","locations":[{"start":{"line":163,"column":4},"end":{"line":170,"column":null}}]},"11":{"loc":{"start":{"line":169,"column":6},"end":{"line":169,"column":null}},"type":"if","locations":[{"start":{"line":169,"column":6},"end":{"line":169,"column":null}}]},"12":{"loc":{"start":{"line":184,"column":9},"end":{"line":184,"column":null}},"type":"cond-expr","locations":[{"start":{"line":184,"column":9},"end":{"line":184,"column":34}},{"start":{"line":184,"column":34},"end":{"line":184,"column":null}}]},"13":{"loc":{"start":{"line":199,"column":0},"end":{"line":199,"column":null}},"type":"cond-expr","locations":[{"start":{"line":199,"column":0},"end":{"line":199,"column":null}},{"start":{"line":199,"column":0},"end":{"line":199,"column":null}}]},"14":{"loc":{"start":{"line":227,"column":48},"end":{"line":227,"column":49}},"type":"binary-expr","locations":[{"start":{"line":227,"column":48},"end":{"line":227,"column":49}},{"start":{"line":227,"column":48},"end":{"line":227,"column":49}}]}},"s":{"0":0,"1":0,"2":0,"3":0,"4":0,"5":0,"6":0,"7":0,"8":0,"9":0,"10":0,"11":0,"12":0,"13":0,"14":0,"15":0,"16":0,"17":0,"18":0,"19":0,"20":0,"21":0,"22":0,"23":0,"24":0,"25":0,"26":0,"27":0,"28":0,"29":0,"30":0,"31":0,"32":0,"33":0,"34":0,"35":0,"36":0,"37":0,"38":0,"39":0,"40":0,"41":0,"42":0,"43":0,"44":0,"45":0,"46":0,"47":0,"48":4,"49":4,"50":0,"51":0},"f":{"0":0,"1":0,"2":0,"3":0,"4":0,"5":0,"6":0,"7":0,"8":0,"9":0,"10":0,"11":0,"12":0,"13":0,"14":0,"15":0,"16":4,"17":0,"18":0},"b":{"0":[0],"1":[0],"2":[0],"3":[0],"4":[0,0],"5":[0],"6":[0,0],"7":[0],"8":[0],"9":[0],"10":[0],"11":[0],"12":[0,0],"13":[0,0],"14":[0,0]}}
,"/Users/rodrigo.monteiro/Documents/Demos/AWS_Transform/Angular-to-React/my-angular-app/dist/my-angular-app/darwin_arm64-fastbuild-ST-fdfa778d11ba/bin/packages/platform-browser/src/browser/title.ts": {"path":"/Users/rodrigo.monteiro/Documents/Demos/AWS_Transform/Angular-to-React/my-angular-app/dist/my-angular-app/darwin_arm64-fastbuild-ST-fdfa778d11ba/bin/packages/platform-browser/src/browser/title.ts","statementMap":{"0":{"start":{"line":23,"column":18},"end":{"line":23,"column":null}},"1":{"start":{"line":24,"column":49},"end":{"line":29,"column":null}},"2":{"start":{"line":36,"column":2},"end":{"line":23,"column":18}},"3":{"start":{"line":37,"column":4},"end":{"line":24,"column":40}},"4":{"start":{"line":23,"column":13},"end":{"line":24,"column":40}}},"fnMap":{"0":{"name":"(anonymous_3525)","decl":{"start":{"line":36,"column":2},"end":{"line":36,"column":null}},"loc":{"start":{"line":36,"column":2},"end":{"line":23,"column":18}}},"1":{"name":"(anonymous_3526)","decl":{"start":{"line":23,"column":13},"end":{"line":23,"column":18}},"loc":{"start":{"line":23,"column":13},"end":{"line":24,"column":40}}}},"branchMap":{"0":{"loc":{"start":{"line":23,"column":18},"end":{"line":23,"column":null}},"type":"binary-expr","locations":[{"start":{"line":23,"column":18},"end":{"line":23,"column":null}},{"start":{"line":23,"column":18},"end":{"line":23,"column":null}}]},"1":{"loc":{"start":{"line":37,"column":4},"end":{"line":24,"column":40}},"type":"binary-expr","locations":[{"start":{"line":37,"column":4},"end":{"line":37,"column":36}},{"start":{"line":37,"column":36},"end":{"line":37,"column":null}},{"start":{"line":37,"column":36},"end":{"line":24,"column":40}}]}},"s":{"0":4,"1":4,"2":4,"3":4,"4":0},"f":{"0":4,"1":0},"b":{"0":[4,4],"1":[4,4,4]}}
,"/Users/rodrigo.monteiro/Documents/Demos/AWS_Transform/Angular-to-React/my-angular-app/dist/my-angular-app/darwin_arm64-fastbuild-ST-fdfa778d11ba/bin/packages/platform-browser/src/browser/tools/tools.ts": {"path":"/Users/rodrigo.monteiro/Documents/Demos/AWS_Transform/Angular-to-React/my-angular-app/dist/my-angular-app/darwin_arm64-fastbuild-ST-fdfa778d11ba/bin/packages/platform-browser/src/browser/tools/tools.ts","statementMap":{"0":{"start":{"line":32,"column":2},"end":{"line":42,"column":null}},"1":{"start":{"line":33,"column":0},"end":{"line":41,"column":null}},"2":{"start":{"line":40,"column":16},"end":{"line":40,"column":null}}},"fnMap":{},"branchMap":{"0":{"loc":{"start":{"line":30,"column":6},"end":{"line":30,"column":null}},"type":"binary-expr","locations":[{"start":{"line":30,"column":6},"end":{"line":30,"column":null}}]},"1":{"loc":{"start":{"line":32,"column":2},"end":{"line":42,"column":null}},"type":"if","locations":[{"start":{"line":32,"column":2},"end":{"line":42,"column":null}}]},"2":{"loc":{"start":{"line":32,"column":2},"end":{"line":32,"column":null}},"type":"binary-expr","locations":[{"start":{"line":32,"column":2},"end":{"line":32,"column":null}},{"start":{"line":32,"column":12},"end":{"line":32,"column":null}}]},"3":{"loc":{"start":{"line":33,"column":0},"end":{"line":41,"column":null}},"type":"if","locations":[{"start":{"line":33,"column":0},"end":{"line":41,"column":null}}]}},"s":{"0":0,"1":0,"2":0},"f":{},"b":{"0":[0],"1":[0],"2":[0,0],"3":[0]}}
,"/Users/rodrigo.monteiro/Documents/Demos/AWS_Transform/Angular-to-React/my-angular-app/dist/my-angular-app/darwin_arm64-fastbuild-ST-fdfa778d11ba/bin/packages/platform-browser/src/dom/css_var_namespacer.ts": {"path":"/Users/rodrigo.monteiro/Documents/Demos/AWS_Transform/Angular-to-React/my-angular-app/dist/my-angular-app/darwin_arm64-fastbuild-ST-fdfa778d11ba/bin/packages/platform-browser/src/dom/css_var_namespacer.ts","statementMap":{"0":{"start":{"line":20,"column":29},"end":{"line":20,"column":null}},"1":{"start":{"line":21,"column":19},"end":{"line":21,"column":64}},"2":{"start":{"line":21,"column":64},"end":{"line":21,"column":79}}},"fnMap":{},"branchMap":{"0":{"loc":{"start":{"line":21,"column":79},"end":{"line":21,"column":null}},"type":"binary-expr","locations":[{"start":{"line":21,"column":79},"end":{"line":21,"column":86}},{"start":{"line":21,"column":86},"end":{"line":21,"column":null}}]}},"s":{"0":4,"1":4,"2":4},"f":{},"b":{"0":[4,4]}}
,"/Users/rodrigo.monteiro/Documents/Demos/AWS_Transform/Angular-to-React/my-angular-app/dist/my-angular-app/darwin_arm64-fastbuild-ST-fdfa778d11ba/bin/packages/platform-browser/src/dom/debug/by.ts": {"path":"/Users/rodrigo.monteiro/Documents/Demos/AWS_Transform/Angular-to-React/my-angular-app/dist/my-angular-app/darwin_arm64-fastbuild-ST-fdfa778d11ba/bin/packages/platform-browser/src/dom/debug/by.ts","statementMap":{"0":{"start":{"line":17,"column":15},"end":{"line":17,"column":null}},"1":{"start":{"line":27,"column":11},"end":{"line":38,"column":null}},"2":{"start":{"line":28,"column":2},"end":{"line":28,"column":null}},"3":{"start":{"line":39,"column":28},"end":{"line":44,"column":null}},"4":{"start":{"line":55,"column":4},"end":{"line":60,"column":null}},"5":{"start":{"line":56,"column":2},"end":{"line":59,"column":null}},"6":{"start":{"line":68,"column":2},"end":{"line":68,"column":null}},"7":{"start":{"line":69,"column":0},"end":{"line":69,"column":null}}},"fnMap":{"0":{"name":"CssVarNamespacer_Factory","decl":{"start":{"line":27,"column":21},"end":{"line":27,"column":null}},"loc":{"start":{"line":27,"column":21},"end":{"line":38,"column":null}}},"1":{"name":"(anonymous_3529)","decl":{"start":{"line":55,"column":4},"end":{"line":55,"column":null}},"loc":{"start":{"line":55,"column":4},"end":{"line":60,"column":null}}}},"branchMap":{"0":{"loc":{"start":{"line":28,"column":2},"end":{"line":28,"column":null}},"type":"binary-expr","locations":[{"start":{"line":28,"column":2},"end":{"line":28,"column":null}},{"start":{"line":28,"column":2},"end":{"line":28,"column":null}}]},"1":{"loc":{"start":{"line":56,"column":2},"end":{"line":59,"column":null}},"type":"binary-expr","locations":[{"start":{"line":56,"column":2},"end":{"line":56,"column":null}},{"start":{"line":56,"column":2},"end":{"line":56,"column":null}},{"start":{"line":56,"column":2},"end":{"line":59,"column":null}}]}},"s":{"0":0,"1":4,"2":0,"3":4,"4":4,"5":4,"6":4,"7":4},"f":{"0":0,"1":4},"b":{"0":[0,0],"1":[4,4,4]}}
,"/Users/rodrigo.monteiro/Documents/Demos/AWS_Transform/Angular-to-React/my-angular-app/dist/my-angular-app/darwin_arm64-fastbuild-ST-fdfa778d11ba/bin/packages/platform-browser/src/security/dom_sanitization_service.ts": {"path":"/Users/rodrigo.monteiro/Documents/Demos/AWS_Transform/Angular-to-React/my-angular-app/dist/my-angular-app/darwin_arm64-fastbuild-ST-fdfa778d11ba/bin/packages/platform-browser/src/security/dom_sanitization_service.ts","statementMap":{"0":{"start":{"line":109,"column":22},"end":{"line":109,"column":34}},"1":{"start":{"line":109,"column":22},"end":{"line":109,"column":null}},"2":{"start":{"line":109,"column":34},"end":{"line":109,"column":null}},"3":{"start":{"line":108,"column":31},"end":{"line":108,"column":null}},"4":{"start":{"line":108,"column":1},"end":{"line":108,"column":12}},"5":{"start":{"line":108,"column":33},"end":{"line":108,"column":79}},"6":{"start":{"line":169,"column":11},"end":{"line":169,"column":null}},"7":{"start":{"line":171,"column":15},"end":{"line":173,"column":null}},"8":{"start":{"line":172,"column":11},"end":{"line":172,"column":null}},"9":{"start":{"line":174,"column":31},"end":{"line":177,"column":null}},"10":{"start":{"line":179,"column":6},"end":{"line":183,"column":null}},"11":{"start":{"line":180,"column":8},"end":{"line":182,"column":null}}},"fnMap":{"0":{"name":"(anonymous_3537)","decl":{"start":{"line":109,"column":34},"end":{"line":109,"column":null}},"loc":{"start":{"line":109,"column":34},"end":{"line":108,"column":13}}},"1":{"name":"(anonymous_3540)","decl":{"start":{"line":168,"column":10},"end":{"line":168,"column":33}},"loc":{"start":{"line":168,"column":33},"end":{"line":170,"column":null}}},"2":{"name":"DomSanitizerImpl_Factory","decl":{"start":{"line":171,"column":15},"end":{"line":171,"column":null}},"loc":{"start":{"line":171,"column":15},"end":{"line":173,"column":null}}},"3":{"name":"(anonymous_3542)","decl":{"start":{"line":179,"column":6},"end":{"line":179,"column":null}},"loc":{"start":{"line":179,"column":6},"end":{"line":183,"column":null}}}},"branchMap":{"0":{"loc":{"start":{"line":109,"column":34},"end":{"line":109,"column":null}},"type":"binary-expr","locations":[{"start":{"line":109,"column":34},"end":{"line":109,"column":null}},{"start":{"line":109,"column":34},"end":{"line":109,"column":null}},{"start":{"line":109,"column":34},"end":{"line":109,"column":null}}]},"1":{"loc":{"start":{"line":108,"column":31},"end":{"line":108,"column":null}},"type":"binary-expr","locations":[{"start":{"line":108,"column":63},"end":{"line":108,"column":null}},{"start":{"line":108,"column":79},"end":{"line":108,"column":null}},{"start":{"line":108,"column":79},"end":{"line":108,"column":null}}]},"2":{"loc":{"start":{"line":172,"column":11},"end":{"line":172,"column":null}},"type":"binary-expr","locations":[{"start":{"line":172,"column":11},"end":{"line":172,"column":31}},{"start":{"line":172,"column":31},"end":{"line":172,"column":null}}]},"3":{"loc":{"start":{"line":180,"column":8},"end":{"line":182,"column":null}},"type":"binary-expr","locations":[{"start":{"line":180,"column":8},"end":{"line":180,"column":48}},{"start":{"line":180,"column":12},"end":{"line":180,"column":48}},{"start":{"line":180,"column":48},"end":{"line":182,"column":null}}]}},"s":{"0":0,"1":0,"2":0,"3":0,"4":0,"5":0,"6":0,"7":4,"8":0,"9":4,"10":4,"11":4},"f":{"0":0,"1":0,"2":0,"3":4},"b":{"0":[0,0,0],"1":[0,0,0],"2":[0,0],"3":[4,4,4]}}
}
